<?xml version="1.0" encoding="UTF-8"?>
<!-- Generated by org.testng.reporters.JUnitXMLReporter -->
<testsuite hostname="DESKTOP-QSM6I7U" ignored="2" name="Testpractice1" tests="7" failures="0" timestamp="2020-07-13T10:16:50 IST" time="0.12" errors="0">
  <testcase name="function6" time="0.017" classname="testngpractice.NewTest"/>
  <testcase name="function1" time="0.017" classname="testngpractice.NewTest"/>
  <testcase name="function4" time="0.002" classname="testngpractice.NewTest"/>
  <testcase name="function2" time="0.003" classname="testngpractice.NewTest"/>
  <testcase name="function4" time="0.003" classname="testngpractice.NewTest"/>
  <testcase name="function4" time="0.003" classname="testngpractice.NewTest"/>
  <testcase name="function4" time="0.002" classname="testngpractice.NewTest"/>
  <testcase name="function3" time="0.0" classname="testngpractice.NewTest">
    <ignored/>
  </testcase> <!-- function3 -->
  <testcase name="function5" time="0.0" classname="testngpractice.NewTest">
    <ignored/>
  </testcase> <!-- function5 -->
</testsuite> <!-- Testpractice1 -->
