<?xml version="1.0" encoding="UTF-8"?>
<testng-results skipped="0" failed="0" ignored="0" total="10" passed="10">
  <reporter-output>
  </reporter-output>
  <suite name="Default suite" duration-ms="170" started-at="2020-07-29T12:35:11 IST" finished-at="2020-07-29T12:35:12 IST">
    <groups>
    </groups>
    <test name="Default test" duration-ms="170" started-at="2020-07-29T12:35:11 IST" finished-at="2020-07-29T12:35:12 IST">
      <class name="testngpractice.NewTest">
        <test-method status="PASS" signature="function1()[pri:-1, instance:testngpractice.NewTest@67205a84]" name="function1" duration-ms="17" started-at="2020-07-29T12:35:11 IST" finished-at="2020-07-29T12:35:11 IST">
          <reporter-output>
          </reporter-output>
        </test-method> <!-- function1 -->
        <test-method status="PASS" signature="function4()[pri:0, instance:testngpractice.NewTest@67205a84]" name="function4" duration-ms="2" started-at="2020-07-29T12:35:11 IST" depends-on-methods="testngpractice.NewTest.function1" finished-at="2020-07-29T12:35:11 IST">
          <reporter-output>
          </reporter-output>
        </test-method> <!-- function4 -->
        <test-method status="PASS" signature="function6()[pri:1, instance:testngpractice.NewTest@67205a84]" name="function6" duration-ms="2" started-at="2020-07-29T12:35:11 IST" finished-at="2020-07-29T12:35:11 IST">
          <reporter-output>
          </reporter-output>
        </test-method> <!-- function6 -->
        <test-method status="PASS" signature="function3()[pri:3, instance:testngpractice.NewTest@67205a84]" name="function3" duration-ms="2" started-at="2020-07-29T12:35:11 IST" finished-at="2020-07-29T12:35:11 IST">
          <reporter-output>
          </reporter-output>
        </test-method> <!-- function3 -->
        <test-method status="PASS" signature="function3()[pri:3, instance:testngpractice.NewTest@67205a84]" name="function3" duration-ms="2" started-at="2020-07-29T12:35:12 IST" finished-at="2020-07-29T12:35:12 IST">
          <reporter-output>
          </reporter-output>
        </test-method> <!-- function3 -->
        <test-method status="PASS" signature="function3()[pri:3, instance:testngpractice.NewTest@67205a84]" name="function3" duration-ms="2" started-at="2020-07-29T12:35:12 IST" finished-at="2020-07-29T12:35:12 IST">
          <reporter-output>
          </reporter-output>
        </test-method> <!-- function3 -->
        <test-method status="PASS" signature="function3()[pri:3, instance:testngpractice.NewTest@67205a84]" name="function3" duration-ms="2" started-at="2020-07-29T12:35:12 IST" finished-at="2020-07-29T12:35:12 IST">
          <reporter-output>
          </reporter-output>
        </test-method> <!-- function3 -->
        <test-method status="PASS" signature="function3()[pri:3, instance:testngpractice.NewTest@67205a84]" name="function3" duration-ms="2" started-at="2020-07-29T12:35:12 IST" finished-at="2020-07-29T12:35:12 IST">
          <reporter-output>
          </reporter-output>
        </test-method> <!-- function3 -->
        <test-method status="PASS" signature="function2()[pri:4, instance:testngpractice.NewTest@67205a84]" name="function2" duration-ms="1" started-at="2020-07-29T12:35:12 IST" depends-on-methods="testngpractice.NewTest.function1" finished-at="2020-07-29T12:35:12 IST">
          <reporter-output>
          </reporter-output>
        </test-method> <!-- function2 -->
        <test-method status="PASS" signature="function5()[pri:6, instance:testngpractice.NewTest@67205a84]" name="function5" duration-ms="2" started-at="2020-07-29T12:35:12 IST" depends-on-methods="testngpractice.NewTest.function2" finished-at="2020-07-29T12:35:12 IST">
          <reporter-output>
          </reporter-output>
        </test-method> <!-- function5 -->
      </class> <!-- testngpractice.NewTest -->
    </test> <!-- Default test -->
  </suite> <!-- Default suite -->
</testng-results>
